<?xml version="1.0" encoding="UTF-8"?>
<Site BuildName="Win32-make"
	BuildStamp="20250318-0359-Experimental"
	Name="foushen"
	Generator="ctest-3.28.2"
	CompilerName="C:/Program Files/Cpp/Complier/w64devkit/bin/g++.exe"
	CompilerVersion="13.2.0"
	OSName="Windows"
	Hostname="foushen"
	OSRelease=" Personal"
	OSVersion=" (Build 22631)"
	OSPlatform="AMD64"
	Is64Bits="1"
	VendorString="GenuineIntel"
	VendorID="Intel Corporation"
	FamilyID="6"
	ModelID="15"
	ProcessorCacheSize="-1"
	NumberOfLogicalCPU="20"
	NumberOfPhysicalCPU="14"
	TotalVirtualMemory="33485"
	TotalPhysicalMemory="14029"
	LogicalProcessorsPerPhysical="1"
	ProcessorClockFrequency="2687"
	>
	<Testing>
		<StartDateTime>Mar 18 11:59 [NON-UTF-8-BYTE-0xD6]й[NON-UTF-8-BYTE-0xFA][NON-UTF-8-BYTE-0xB1][NON-UTF-8-BYTE-0xEA]׼ʱ[NON-UTF-8-BYTE-0xBC][NON-UTF-8-BYTE-0xE4]</StartDateTime>
		<StartTestTime>1742270342</StartTestTime>
		<TestList/>
		<EndDateTime>Mar 18 11:59 [NON-UTF-8-BYTE-0xD6]й[NON-UTF-8-BYTE-0xFA][NON-UTF-8-BYTE-0xB1][NON-UTF-8-BYTE-0xEA]׼ʱ[NON-UTF-8-BYTE-0xBC][NON-UTF-8-BYTE-0xE4]</EndDateTime>
		<EndTestTime>1742270342</EndTestTime>
		<ElapsedMinutes>0</ElapsedMinutes>
	</Testing>
</Site>
